<?xml version="1.0" encoding="UTF-8"?>
<!-- Generated by org.testng.reporters.JUnitXMLReporter -->
<testsuite ignored="0" hostname="LAPTOP-4OB0QS37" failures="0" tests="5" name="Test" time="159.879" errors="0" timestamp="14 Sept 2025 14:21:02 GMT">
  <testcase classname="Medicare_Test.LoginTest" name="LoginSuccessTestWithCorrectCred" time="2.468"/>
  <testcase classname="Medicare_Test.SignUpTest" name="SignUpSuccessValidation" time="17.238"/>
  <testcase classname="Medicare_Test.ProductTest" name="MultipleProdAddtoCartTest" time="37.313"/>
  <testcase classname="Medicare_Test.ProductTest" name="SingleProdAddtoCartTest" time="19.336"/>
  <testcase classname="Medicare_Test.LoginTest" name="LoginFailiureTestWithIncorrectCred" time="2.3"/>
</testsuite> <!-- Test -->
