<?xml version="1.0" encoding="UTF-8"?>
<!-- Generated by org.testng.reporters.JUnitXMLReporter -->
<testsuite ignored="0" hostname="LAPTOP-4OB0QS37" failures="0" tests="5" name="Test" time="212.579" errors="0" timestamp="14 Sep 2025 14:33:15 GMT">
  <testcase classname="Medicare_Test.LoginTest" name="LoginSuccessTestWithCorrectCred" time="2.839"/>
  <testcase classname="Medicare_Test.SignUpTest" name="SignUpSuccessValidation" time="17.769"/>
  <testcase classname="Medicare_Test.ProductTest" name="MultipleProdAddtoCartTest" time="35.543"/>
  <testcase classname="Medicare_Test.ProductTest" name="SingleProdAddtoCartTest" time="18.803"/>
  <testcase classname="Medicare_Test.LoginTest" name="LoginFailiureTestWithIncorrectCred" time="2.208"/>
</testsuite> <!-- Test -->
