<?xml version="1.0" encoding="UTF-8"?>
<testng-results ignored="0" total="5" passed="5" failed="0" skipped="0">
  <reporter-output>
  </reporter-output>
  <suite started-at="2025-09-14T14:29:42Z" name="Suite" finished-at="2025-09-14T14:33:14Z" duration-ms="212579">
    <groups>
    </groups>
    <test started-at="2025-09-14T14:29:42Z" name="Test" finished-at="2025-09-14T14:33:14Z" duration-ms="212579">
      <class name="Medicare_Test.LoginTest">
        <test-method is-config="true" signature="Setup()[pri:0, instance:Medicare_Test.LoginTest@6cb6decd]" started-at="2025-09-14T14:29:42Z" name="Setup" finished-at="2025-09-14T14:30:41Z" duration-ms="58869" status="PASS">
          <reporter-output>
          </reporter-output>
        </test-method> <!-- Setup -->
        <test-method signature="LoginSuccessTestWithCorrectCred()[pri:0, instance:Medicare_Test.LoginTest@6cb6decd]" started-at="2025-09-14T14:30:41Z" name="LoginSuccessTestWithCorrectCred" finished-at="2025-09-14T14:30:44Z" duration-ms="2839" status="PASS">
          <reporter-output>
          </reporter-output>
        </test-method> <!-- LoginSuccessTestWithCorrectCred -->
        <test-method is-config="true" signature="Teardown()[pri:0, instance:Medicare_Test.LoginTest@6cb6decd]" started-at="2025-09-14T14:30:44Z" name="Teardown" finished-at="2025-09-14T14:30:56Z" duration-ms="11988" status="PASS">
          <reporter-output>
          </reporter-output>
        </test-method> <!-- Teardown -->
        <test-method is-config="true" signature="Setup()[pri:0, instance:Medicare_Test.LoginTest@6cb6decd]" started-at="2025-09-14T14:32:57Z" name="Setup" finished-at="2025-09-14T14:33:02Z" duration-ms="4993" status="PASS">
          <reporter-output>
          </reporter-output>
        </test-method> <!-- Setup -->
        <test-method signature="LoginFailiureTestWithIncorrectCred()[pri:1, instance:Medicare_Test.LoginTest@6cb6decd]" started-at="2025-09-14T14:33:02Z" name="LoginFailiureTestWithIncorrectCred" finished-at="2025-09-14T14:33:04Z" duration-ms="2208" status="PASS">
          <reporter-output>
          </reporter-output>
        </test-method> <!-- LoginFailiureTestWithIncorrectCred -->
        <test-method is-config="true" signature="Teardown()[pri:0, instance:Medicare_Test.LoginTest@6cb6decd]" started-at="2025-09-14T14:33:04Z" name="Teardown" finished-at="2025-09-14T14:33:14Z" duration-ms="10398" status="PASS">
          <reporter-output>
          </reporter-output>
        </test-method> <!-- Teardown -->
      </class> <!-- Medicare_Test.LoginTest -->
      <class name="Medicare_Test.SignUpTest">
        <test-method is-config="true" signature="Setup()[pri:0, instance:Medicare_Test.SignUpTest@c7045b9]" started-at="2025-09-14T14:30:56Z" name="Setup" finished-at="2025-09-14T14:31:02Z" duration-ms="6349" status="PASS">
          <reporter-output>
          </reporter-output>
        </test-method> <!-- Setup -->
        <test-method signature="SignUpSuccessValidation()[pri:0, instance:Medicare_Test.SignUpTest@c7045b9]" started-at="2025-09-14T14:31:02Z" name="SignUpSuccessValidation" finished-at="2025-09-14T14:31:20Z" duration-ms="17769" status="PASS">
          <reporter-output>
          </reporter-output>
        </test-method> <!-- SignUpSuccessValidation -->
        <test-method is-config="true" signature="Teardown()[pri:0, instance:Medicare_Test.SignUpTest@c7045b9]" started-at="2025-09-14T14:31:20Z" name="Teardown" finished-at="2025-09-14T14:31:30Z" duration-ms="10488" status="PASS">
          <reporter-output>
          </reporter-output>
        </test-method> <!-- Teardown -->
      </class> <!-- Medicare_Test.SignUpTest -->
      <class name="Medicare_Test.ProductTest">
        <test-method is-config="true" signature="Setup()[pri:0, instance:Medicare_Test.ProductTest@f99f5e0]" started-at="2025-09-14T14:31:30Z" name="Setup" finished-at="2025-09-14T14:31:36Z" duration-ms="5984" status="PASS">
          <reporter-output>
          </reporter-output>
        </test-method> <!-- Setup -->
        <test-method signature="MultipleProdAddtoCartTest()[pri:0, instance:Medicare_Test.ProductTest@f99f5e0]" started-at="2025-09-14T14:31:36Z" name="MultipleProdAddtoCartTest" finished-at="2025-09-14T14:32:12Z" duration-ms="35543" status="PASS">
          <reporter-output>
          </reporter-output>
        </test-method> <!-- MultipleProdAddtoCartTest -->
        <test-method is-config="true" signature="Teardown()[pri:0, instance:Medicare_Test.ProductTest@f99f5e0]" started-at="2025-09-14T14:32:12Z" name="Teardown" finished-at="2025-09-14T14:32:22Z" duration-ms="10328" status="PASS">
          <reporter-output>
          </reporter-output>
        </test-method> <!-- Teardown -->
        <test-method is-config="true" signature="Setup()[pri:0, instance:Medicare_Test.ProductTest@f99f5e0]" started-at="2025-09-14T14:32:22Z" name="Setup" finished-at="2025-09-14T14:32:28Z" duration-ms="5612" status="PASS">
          <reporter-output>
          </reporter-output>
        </test-method> <!-- Setup -->
        <test-method signature="SingleProdAddtoCartTest()[pri:0, instance:Medicare_Test.ProductTest@f99f5e0]" started-at="2025-09-14T14:32:28Z" name="SingleProdAddtoCartTest" finished-at="2025-09-14T14:32:46Z" duration-ms="18803" status="PASS">
          <reporter-output>
          </reporter-output>
        </test-method> <!-- SingleProdAddtoCartTest -->
        <test-method is-config="true" signature="Teardown()[pri:0, instance:Medicare_Test.ProductTest@f99f5e0]" started-at="2025-09-14T14:32:46Z" name="Teardown" finished-at="2025-09-14T14:32:57Z" duration-ms="10354" status="PASS">
          <reporter-output>
          </reporter-output>
        </test-method> <!-- Teardown -->
      </class> <!-- Medicare_Test.ProductTest -->
    </test> <!-- Test -->
  </suite> <!-- Suite -->
</testng-results>
