<?xml version="1.0" encoding="UTF-8"?>
<testng-results ignored="0" total="5" passed="5" failed="0" skipped="0">
  <reporter-output>
  </reporter-output>
  <suite started-at="2025-09-14T14:18:22Z" name="Suite" finished-at="2025-09-14T14:21:02Z" duration-ms="159879">
    <groups>
    </groups>
    <test started-at="2025-09-14T14:18:22Z" name="Test" finished-at="2025-09-14T14:21:02Z" duration-ms="159879">
      <class name="Medicare_Test.LoginTest">
        <test-method is-config="true" signature="Setup()[pri:0, instance:Medicare_Test.LoginTest@1224144a]" started-at="2025-09-14T14:18:22Z" name="Setup" finished-at="2025-09-14T14:18:30Z" duration-ms="8030" status="PASS">
          <reporter-output>
          </reporter-output>
        </test-method> <!-- Setup -->
        <test-method signature="LoginSuccessTestWithCorrectCred()[pri:0, instance:Medicare_Test.LoginTest@1224144a]" started-at="2025-09-14T14:18:30Z" name="LoginSuccessTestWithCorrectCred" finished-at="2025-09-14T14:18:33Z" duration-ms="2468" status="PASS">
          <reporter-output>
          </reporter-output>
        </test-method> <!-- LoginSuccessTestWithCorrectCred -->
        <test-method is-config="true" signature="Teardown()[pri:0, instance:Medicare_Test.LoginTest@1224144a]" started-at="2025-09-14T14:18:33Z" name="Teardown" finished-at="2025-09-14T14:18:43Z" duration-ms="10661" status="PASS">
          <reporter-output>
          </reporter-output>
        </test-method> <!-- Teardown -->
        <test-method is-config="true" signature="Setup()[pri:0, instance:Medicare_Test.LoginTest@1224144a]" started-at="2025-09-14T14:20:44Z" name="Setup" finished-at="2025-09-14T14:20:49Z" duration-ms="4706" status="PASS">
          <reporter-output>
          </reporter-output>
        </test-method> <!-- Setup -->
        <test-method signature="LoginFailiureTestWithIncorrectCred()[pri:1, instance:Medicare_Test.LoginTest@1224144a]" started-at="2025-09-14T14:20:49Z" name="LoginFailiureTestWithIncorrectCred" finished-at="2025-09-14T14:20:51Z" duration-ms="2300" status="PASS">
          <reporter-output>
          </reporter-output>
        </test-method> <!-- LoginFailiureTestWithIncorrectCred -->
        <test-method is-config="true" signature="Teardown()[pri:0, instance:Medicare_Test.LoginTest@1224144a]" started-at="2025-09-14T14:20:51Z" name="Teardown" finished-at="2025-09-14T14:21:02Z" duration-ms="10401" status="PASS">
          <reporter-output>
          </reporter-output>
        </test-method> <!-- Teardown -->
      </class> <!-- Medicare_Test.LoginTest -->
      <class name="Medicare_Test.SignUpTest">
        <test-method is-config="true" signature="Setup()[pri:0, instance:Medicare_Test.SignUpTest@29f7cefd]" started-at="2025-09-14T14:18:43Z" name="Setup" finished-at="2025-09-14T14:18:49Z" duration-ms="5695" status="PASS">
          <reporter-output>
          </reporter-output>
        </test-method> <!-- Setup -->
        <test-method signature="SignUpSuccessValidation()[pri:0, instance:Medicare_Test.SignUpTest@29f7cefd]" started-at="2025-09-14T14:18:49Z" name="SignUpSuccessValidation" finished-at="2025-09-14T14:19:06Z" duration-ms="17238" status="PASS">
          <reporter-output>
          </reporter-output>
        </test-method> <!-- SignUpSuccessValidation -->
        <test-method is-config="true" signature="Teardown()[pri:0, instance:Medicare_Test.SignUpTest@29f7cefd]" started-at="2025-09-14T14:19:06Z" name="Teardown" finished-at="2025-09-14T14:19:17Z" duration-ms="10476" status="PASS">
          <reporter-output>
          </reporter-output>
        </test-method> <!-- Teardown -->
      </class> <!-- Medicare_Test.SignUpTest -->
      <class name="Medicare_Test.ProductTest">
        <test-method is-config="true" signature="Setup()[pri:0, instance:Medicare_Test.ProductTest@700fb871]" started-at="2025-09-14T14:19:17Z" name="Setup" finished-at="2025-09-14T14:19:22Z" duration-ms="5733" status="PASS">
          <reporter-output>
          </reporter-output>
        </test-method> <!-- Setup -->
        <test-method signature="MultipleProdAddtoCartTest()[pri:0, instance:Medicare_Test.ProductTest@700fb871]" started-at="2025-09-14T14:19:22Z" name="MultipleProdAddtoCartTest" finished-at="2025-09-14T14:20:00Z" duration-ms="37313" status="PASS">
          <reporter-output>
          </reporter-output>
        </test-method> <!-- MultipleProdAddtoCartTest -->
        <test-method is-config="true" signature="Teardown()[pri:0, instance:Medicare_Test.ProductTest@700fb871]" started-at="2025-09-14T14:20:00Z" name="Teardown" finished-at="2025-09-14T14:20:10Z" duration-ms="10411" status="PASS">
          <reporter-output>
          </reporter-output>
        </test-method> <!-- Teardown -->
        <test-method is-config="true" signature="Setup()[pri:0, instance:Medicare_Test.ProductTest@700fb871]" started-at="2025-09-14T14:20:10Z" name="Setup" finished-at="2025-09-14T14:20:15Z" duration-ms="4552" status="PASS">
          <reporter-output>
          </reporter-output>
        </test-method> <!-- Setup -->
        <test-method signature="SingleProdAddtoCartTest()[pri:0, instance:Medicare_Test.ProductTest@700fb871]" started-at="2025-09-14T14:20:15Z" name="SingleProdAddtoCartTest" finished-at="2025-09-14T14:20:34Z" duration-ms="19336" status="PASS">
          <reporter-output>
          </reporter-output>
        </test-method> <!-- SingleProdAddtoCartTest -->
        <test-method is-config="true" signature="Teardown()[pri:0, instance:Medicare_Test.ProductTest@700fb871]" started-at="2025-09-14T14:20:34Z" name="Teardown" finished-at="2025-09-14T14:20:44Z" duration-ms="10480" status="PASS">
          <reporter-output>
          </reporter-output>
        </test-method> <!-- Teardown -->
      </class> <!-- Medicare_Test.ProductTest -->
    </test> <!-- Test -->
  </suite> <!-- Suite -->
</testng-results>
